<?xml version="1.0" encoding="UTF-8" standalone="no"?>
<!DOCTYPE log SYSTEM "logger.dtd">
<log>
<record>
  <date>2016-04-13T01:32:36</date>
  <millis>1460503956051</millis>
  <sequence>0</sequence>
  <logger>global</logger>
  <level>INFO</level>
  <class>it.vin.dev.menzione.frame.Main</class>
  <method>main</method>
  <thread>1</thread>
  <message>Stile trovato</message>
</record>
<record>
  <date>2016-04-13T01:32:39</date>
  <millis>1460503959567</millis>
  <sequence>1</sequence>
  <logger>global</logger>
  <level>SEVERE</level>
  <class>it.vin.dev.menzione.frame.MainFrame</class>
  <method>inizializzazione</method>
  <thread>15</thread>
  <message>Communications link failure

The last packet sent successfully to the server was 0 milliseconds ago. The driver has not received any packets from the server.</message>
  <exception>
    <message>com.mysql.jdbc.exceptions.jdbc4.CommunicationsException: Communications link failure

The last packet sent successfully to the server was 0 milliseconds ago. The driver has not received any packets from the server.</message>
    <frame>
      <class>sun.reflect.NativeConstructorAccessorImpl</class>
      <method>newInstance0</method>
    </frame>
    <frame>
      <class>sun.reflect.NativeConstructorAccessorImpl</class>
      <method>newInstance</method>
      <line>62</line>
    </frame>
    <frame>
      <class>sun.reflect.DelegatingConstructorAccessorImpl</class>
      <method>newInstance</method>
      <line>45</line>
    </frame>
    <frame>
      <class>java.lang.reflect.Constructor</class>
      <method>newInstance</method>
      <line>422</line>
    </frame>
    <frame>
      <class>com.mysql.jdbc.Util</class>
      <method>handleNewInstance</method>
      <line>404</line>
    </frame>
    <frame>
      <class>com.mysql.jdbc.SQLError</class>
      <method>createCommunicationsException</method>
      <line>983</line>
    </frame>
    <frame>
      <class>com.mysql.jdbc.MysqlIO</class>
      <method>&lt;init&gt;</method>
      <line>339</line>
    </frame>
    <frame>
      <class>com.mysql.jdbc.ConnectionImpl</class>
      <method>coreConnect</method>
      <line>2252</line>
    </frame>
    <frame>
      <class>com.mysql.jdbc.ConnectionImpl</class>
      <method>connectOneTryOnly</method>
      <line>2285</line>
    </frame>
    <frame>
      <class>com.mysql.jdbc.ConnectionImpl</class>
      <method>createNewIO</method>
      <line>2084</line>
    </frame>
    <frame>
      <class>com.mysql.jdbc.ConnectionImpl</class>
      <method>&lt;init&gt;</method>
      <line>795</line>
    </frame>
    <frame>
      <class>com.mysql.jdbc.JDBC4Connection</class>
      <method>&lt;init&gt;</method>
      <line>44</line>
    </frame>
    <frame>
      <class>sun.reflect.NativeConstructorAccessorImpl</class>
      <method>newInstance0</method>
    </frame>
    <frame>
      <class>sun.reflect.NativeConstructorAccessorImpl</class>
      <method>newInstance</method>
      <line>62</line>
    </frame>
    <frame>
      <class>sun.reflect.DelegatingConstructorAccessorImpl</class>
      <method>newInstance</method>
      <line>45</line>
    </frame>
    <frame>
      <class>java.lang.reflect.Constructor</class>
      <method>newInstance</method>
      <line>422</line>
    </frame>
    <frame>
      <class>com.mysql.jdbc.Util</class>
      <method>handleNewInstance</method>
      <line>404</line>
    </frame>
    <frame>
      <class>com.mysql.jdbc.ConnectionImpl</class>
      <method>getInstance</method>
      <line>400</line>
    </frame>
    <frame>
      <class>com.mysql.jdbc.NonRegisteringDriver</class>
      <method>connect</method>
      <line>327</line>
    </frame>
    <frame>
      <class>java.sql.DriverManager</class>
      <method>getConnection</method>
      <line>664</line>
    </frame>
    <frame>
      <class>java.sql.DriverManager</class>
      <method>getConnection</method>
      <line>247</line>
    </frame>
    <frame>
      <class>it.vin.dev.menzione.logica.DbUtil</class>
      <method>createConnection</method>
      <line>32</line>
    </frame>
    <frame>
      <class>it.vin.dev.menzione.logica.DbUtilFactory</class>
      <method>createDbUtil</method>
      <line>16</line>
    </frame>
    <frame>
      <class>it.vin.dev.menzione.frame.MainFrame</class>
      <method>inizializzazione</method>
      <line>159</line>
    </frame>
    <frame>
      <class>it.vin.dev.menzione.frame.MainFrame</class>
      <method>&lt;init&gt;</method>
      <line>179</line>
    </frame>
    <frame>
      <class>it.vin.dev.menzione.frame.Main$1</class>
      <method>run</method>
      <line>119</line>
    </frame>
    <frame>
      <class>java.awt.event.InvocationEvent</class>
      <method>dispatch</method>
      <line>311</line>
    </frame>
    <frame>
      <class>java.awt.EventQueue</class>
      <method>dispatchEventImpl</method>
      <line>756</line>
    </frame>
    <frame>
      <class>java.awt.EventQueue</class>
      <method>access$500</method>
      <line>97</line>
    </frame>
    <frame>
      <class>java.awt.EventQueue$3</class>
      <method>run</method>
      <line>709</line>
    </frame>
    <frame>
      <class>java.awt.EventQueue$3</class>
      <method>run</method>
      <line>703</line>
    </frame>
    <frame>
      <class>java.security.AccessController</class>
      <method>doPrivileged</method>
    </frame>
    <frame>
      <class>java.security.ProtectionDomain$JavaSecurityAccessImpl</class>
      <method>doIntersectionPrivilege</method>
      <line>76</line>
    </frame>
    <frame>
      <class>java.awt.EventQueue</class>
      <method>dispatchEvent</method>
      <line>726</line>
    </frame>
    <frame>
      <class>java.awt.EventDispatchThread</class>
      <method>pumpOneEventForFilters</method>
      <line>201</line>
    </frame>
    <frame>
      <class>java.awt.EventDispatchThread</class>
      <method>pumpEventsForFilter</method>
      <line>116</line>
    </frame>
    <frame>
      <class>java.awt.EventDispatchThread</class>
      <method>pumpEventsForHierarchy</method>
      <line>105</line>
    </frame>
    <frame>
      <class>java.awt.EventDispatchThread</class>
      <method>pumpEvents</method>
      <line>101</line>
    </frame>
    <frame>
      <class>java.awt.EventDispatchThread</class>
      <method>pumpEvents</method>
      <line>93</line>
    </frame>
    <frame>
      <class>java.awt.EventDispatchThread</class>
      <method>run</method>
      <line>82</line>
    </frame>
  </exception>
</record>
</log>
