<?xml version="1.0" encoding="windows-1252" standalone="no"?>
<!DOCTYPE log SYSTEM "logger.dtd">
<log>
</log>
<?xml version="1.0" encoding="windows-1252" standalone="no"?>
<!DOCTYPE log SYSTEM "logger.dtd">
<log>
</log>
<?xml version="1.0" encoding="windows-1252" standalone="no"?>
<!DOCTYPE log SYSTEM "logger.dtd">
<log>
</log>
<?xml version="1.0" encoding="windows-1252" standalone="no"?>
<!DOCTYPE log SYSTEM "logger.dtd">
<log>
<record>
  <date>2016-03-08T13:36:17</date>
  <millis>1457440577130</millis>
  <sequence>4</sequence>
  <logger>global</logger>
  <level>SEVERE</level>
  <class>it.vin.dev.menzione.frame.MainFrame$2</class>
  <method>actionPerformed</method>
  <thread>14</thread>
  <message>Errore nell'esportazione. Riprovare.</message>
  <exception>
    <message>java.rmi.server.ExportException: Errore nell'esportazione. Riprovare.</message>
    <frame>
      <class>it.vin.dev.menzione.logica.PdfReportBuilder</class>
      <method>createTable</method>
      <line>235</line>
    </frame>
    <frame>
      <class>it.vin.dev.menzione.logica.PdfReportBuilder</class>
      <method>&lt;init&gt;</method>
      <line>63</line>
    </frame>
    <frame>
      <class>it.vin.dev.menzione.frame.MainFrame$2</class>
      <method>actionPerformed</method>
      <line>249</line>
    </frame>
    <frame>
      <class>javax.swing.AbstractButton</class>
      <method>fireActionPerformed</method>
    </frame>
    <frame>
      <class>javax.swing.AbstractButton$Handler</class>
      <method>actionPerformed</method>
    </frame>
    <frame>
      <class>javax.swing.DefaultButtonModel</class>
      <method>fireActionPerformed</method>
    </frame>
    <frame>
      <class>javax.swing.DefaultButtonModel</class>
      <method>setPressed</method>
    </frame>
    <frame>
      <class>javax.swing.plaf.basic.BasicButtonListener</class>
      <method>mouseReleased</method>
    </frame>
    <frame>
      <class>java.awt.Component</class>
      <method>processMouseEvent</method>
    </frame>
    <frame>
      <class>javax.swing.JComponent</class>
      <method>processMouseEvent</method>
    </frame>
    <frame>
      <class>java.awt.Component</class>
      <method>processEvent</method>
    </frame>
    <frame>
      <class>java.awt.Container</class>
      <method>processEvent</method>
    </frame>
    <frame>
      <class>java.awt.Component</class>
      <method>dispatchEventImpl</method>
    </frame>
    <frame>
      <class>java.awt.Container</class>
      <method>dispatchEventImpl</method>
    </frame>
    <frame>
      <class>java.awt.Component</class>
      <method>dispatchEvent</method>
    </frame>
    <frame>
      <class>java.awt.LightweightDispatcher</class>
      <method>retargetMouseEvent</method>
    </frame>
    <frame>
      <class>java.awt.LightweightDispatcher</class>
      <method>processMouseEvent</method>
    </frame>
    <frame>
      <class>java.awt.LightweightDispatcher</class>
      <method>dispatchEvent</method>
    </frame>
    <frame>
      <class>java.awt.Container</class>
      <method>dispatchEventImpl</method>
    </frame>
    <frame>
      <class>java.awt.Window</class>
      <method>dispatchEventImpl</method>
    </frame>
    <frame>
      <class>java.awt.Component</class>
      <method>dispatchEvent</method>
    </frame>
    <frame>
      <class>java.awt.EventQueue</class>
      <method>dispatchEventImpl</method>
    </frame>
    <frame>
      <class>java.awt.EventQueue</class>
      <method>access$500</method>
    </frame>
    <frame>
      <class>java.awt.EventQueue$3</class>
      <method>run</method>
    </frame>
    <frame>
      <class>java.awt.EventQueue$3</class>
      <method>run</method>
    </frame>
    <frame>
      <class>java.security.AccessController</class>
      <method>doPrivileged</method>
    </frame>
    <frame>
      <class>java.security.ProtectionDomain$JavaSecurityAccessImpl</class>
      <method>doIntersectionPrivilege</method>
    </frame>
    <frame>
      <class>java.security.ProtectionDomain$JavaSecurityAccessImpl</class>
      <method>doIntersectionPrivilege</method>
    </frame>
    <frame>
      <class>java.awt.EventQueue$4</class>
      <method>run</method>
    </frame>
    <frame>
      <class>java.awt.EventQueue$4</class>
      <method>run</method>
    </frame>
    <frame>
      <class>java.security.AccessController</class>
      <method>doPrivileged</method>
    </frame>
    <frame>
      <class>java.security.ProtectionDomain$JavaSecurityAccessImpl</class>
      <method>doIntersectionPrivilege</method>
    </frame>
    <frame>
      <class>java.awt.EventQueue</class>
      <method>dispatchEvent</method>
    </frame>
    <frame>
      <class>java.awt.EventDispatchThread</class>
      <method>pumpOneEventForFilters</method>
    </frame>
    <frame>
      <class>java.awt.EventDispatchThread</class>
      <method>pumpEventsForFilter</method>
    </frame>
    <frame>
      <class>java.awt.EventDispatchThread</class>
      <method>pumpEventsForHierarchy</method>
    </frame>
    <frame>
      <class>java.awt.EventDispatchThread</class>
      <method>pumpEvents</method>
    </frame>
    <frame>
      <class>java.awt.EventDispatchThread</class>
      <method>pumpEvents</method>
    </frame>
    <frame>
      <class>java.awt.EventDispatchThread</class>
      <method>run</method>
    </frame>
  </exception>
</record>
</log>
<?xml version="1.0" encoding="windows-1252" standalone="no"?>
<!DOCTYPE log SYSTEM "logger.dtd">
<log>
</log>
<?xml version="1.0" encoding="windows-1252" standalone="no"?>
<!DOCTYPE log SYSTEM "logger.dtd">
<log>
</log>
<?xml version="1.0" encoding="windows-1252" standalone="no"?>
<!DOCTYPE log SYSTEM "logger.dtd">
<log>
</log>
<?xml version="1.0" encoding="windows-1252" standalone="no"?>
<!DOCTYPE log SYSTEM "logger.dtd">
<log>
</log>
<?xml version="1.0" encoding="windows-1252" standalone="no"?>
<!DOCTYPE log SYSTEM "logger.dtd">
<log>
</log>
<?xml version="1.0" encoding="windows-1252" standalone="no"?>
<!DOCTYPE log SYSTEM "logger.dtd">
<log>
</log>
<?xml version="1.0" encoding="windows-1252" standalone="no"?>
<!DOCTYPE log SYSTEM "logger.dtd">
<log>
</log>
<?xml version="1.0" encoding="windows-1252" standalone="no"?>
<!DOCTYPE log SYSTEM "logger.dtd">
<log>
<record>
  <date>2016-03-08T21:53:35</date>
  <millis>1457470415472</millis>
  <sequence>1</sequence>
  <logger>global</logger>
  <level>SEVERE</level>
  <class>it.vin.dev.menzione.frame.MainFrame</class>
  <method>&lt;init&gt;</method>
  <thread>14</thread>
  <message>Communications link failure

The last packet sent successfully to the server was 0 milliseconds ago. The driver has not received any packets from the server.</message>
  <exception>
    <message>com.mysql.jdbc.exceptions.jdbc4.CommunicationsException: Communications link failure

The last packet sent successfully to the server was 0 milliseconds ago. The driver has not received any packets from the server.</message>
    <frame>
      <class>sun.reflect.NativeConstructorAccessorImpl</class>
      <method>newInstance0</method>
    </frame>
    <frame>
      <class>sun.reflect.NativeConstructorAccessorImpl</class>
      <method>newInstance</method>
    </frame>
    <frame>
      <class>sun.reflect.DelegatingConstructorAccessorImpl</class>
      <method>newInstance</method>
    </frame>
    <frame>
      <class>java.lang.reflect.Constructor</class>
      <method>newInstance</method>
    </frame>
    <frame>
      <class>com.mysql.jdbc.Util</class>
      <method>handleNewInstance</method>
      <line>404</line>
    </frame>
    <frame>
      <class>com.mysql.jdbc.SQLError</class>
      <method>createCommunicationsException</method>
      <line>983</line>
    </frame>
    <frame>
      <class>com.mysql.jdbc.MysqlIO</class>
      <method>&lt;init&gt;</method>
      <line>339</line>
    </frame>
    <frame>
      <class>com.mysql.jdbc.ConnectionImpl</class>
      <method>coreConnect</method>
      <line>2252</line>
    </frame>
    <frame>
      <class>com.mysql.jdbc.ConnectionImpl</class>
      <method>connectOneTryOnly</method>
      <line>2285</line>
    </frame>
    <frame>
      <class>com.mysql.jdbc.ConnectionImpl</class>
      <method>createNewIO</method>
      <line>2084</line>
    </frame>
    <frame>
      <class>com.mysql.jdbc.ConnectionImpl</class>
      <method>&lt;init&gt;</method>
      <line>795</line>
    </frame>
    <frame>
      <class>com.mysql.jdbc.JDBC4Connection</class>
      <method>&lt;init&gt;</method>
      <line>44</line>
    </frame>
    <frame>
      <class>sun.reflect.NativeConstructorAccessorImpl</class>
      <method>newInstance0</method>
    </frame>
    <frame>
      <class>sun.reflect.NativeConstructorAccessorImpl</class>
      <method>newInstance</method>
    </frame>
    <frame>
      <class>sun.reflect.DelegatingConstructorAccessorImpl</class>
      <method>newInstance</method>
    </frame>
    <frame>
      <class>java.lang.reflect.Constructor</class>
      <method>newInstance</method>
    </frame>
    <frame>
      <class>com.mysql.jdbc.Util</class>
      <method>handleNewInstance</method>
      <line>404</line>
    </frame>
    <frame>
      <class>com.mysql.jdbc.ConnectionImpl</class>
      <method>getInstance</method>
      <line>400</line>
    </frame>
    <frame>
      <class>com.mysql.jdbc.NonRegisteringDriver</class>
      <method>connect</method>
      <line>327</line>
    </frame>
    <frame>
      <class>java.sql.DriverManager</class>
      <method>getConnection</method>
    </frame>
    <frame>
      <class>java.sql.DriverManager</class>
      <method>getConnection</method>
    </frame>
    <frame>
      <class>it.vin.dev.menzione.logica.DbUtil</class>
      <method>createConnection</method>
      <line>35</line>
    </frame>
    <frame>
      <class>it.vin.dev.menzione.logica.DbUtilFactory</class>
      <method>createDbUtil</method>
      <line>18</line>
    </frame>
    <frame>
      <class>it.vin.dev.menzione.frame.MainFrame</class>
      <method>&lt;init&gt;</method>
      <line>167</line>
    </frame>
    <frame>
      <class>it.vin.dev.menzione.frame.Main$1</class>
      <method>run</method>
      <line>113</line>
    </frame>
    <frame>
      <class>java.awt.event.InvocationEvent</class>
      <method>dispatch</method>
    </frame>
    <frame>
      <class>java.awt.EventQueue</class>
      <method>dispatchEventImpl</method>
    </frame>
    <frame>
      <class>java.awt.EventQueue</class>
      <method>access$500</method>
    </frame>
    <frame>
      <class>java.awt.EventQueue$3</class>
      <method>run</method>
    </frame>
    <frame>
      <class>java.awt.EventQueue$3</class>
      <method>run</method>
    </frame>
    <frame>
      <class>java.security.AccessController</class>
      <method>doPrivileged</method>
    </frame>
    <frame>
      <class>java.security.ProtectionDomain$JavaSecurityAccessImpl</class>
      <method>doIntersectionPrivilege</method>
    </frame>
    <frame>
      <class>java.awt.EventQueue</class>
      <method>dispatchEvent</method>
    </frame>
    <frame>
      <class>java.awt.EventDispatchThread</class>
      <method>pumpOneEventForFilters</method>
    </frame>
    <frame>
      <class>java.awt.EventDispatchThread</class>
      <method>pumpEventsForFilter</method>
    </frame>
    <frame>
      <class>java.awt.EventDispatchThread</class>
      <method>pumpEventsForHierarchy</method>
    </frame>
    <frame>
      <class>java.awt.EventDispatchThread</class>
      <method>pumpEvents</method>
    </frame>
    <frame>
      <class>java.awt.EventDispatchThread</class>
      <method>pumpEvents</method>
    </frame>
    <frame>
      <class>java.awt.EventDispatchThread</class>
      <method>run</method>
    </frame>
  </exception>
</record>
</log>
<?xml version="1.0" encoding="windows-1252" standalone="no"?>
<!DOCTYPE log SYSTEM "logger.dtd">
<log>
<record>
  <date>2016-03-08T21:54:30</date>
  <millis>1457470470213</millis>
  <sequence>8</sequence>
  <logger>global</logger>
  <level>SEVERE</level>
  <class>it.vin.dev.menzione.frame.MainFrame$2</class>
  <method>actionPerformed</method>
  <thread>14</thread>
  <exception>
    <message>java.lang.NullPointerException</message>
    <frame>
      <class>it.vin.dev.menzione.logica.PdfReportBuilder</class>
      <method>createTable</method>
      <line>96</line>
    </frame>
    <frame>
      <class>it.vin.dev.menzione.logica.PdfReportBuilder</class>
      <method>&lt;init&gt;</method>
      <line>64</line>
    </frame>
    <frame>
      <class>it.vin.dev.menzione.frame.MainFrame$2</class>
      <method>actionPerformed</method>
      <line>249</line>
    </frame>
    <frame>
      <class>javax.swing.AbstractButton</class>
      <method>fireActionPerformed</method>
    </frame>
    <frame>
      <class>javax.swing.AbstractButton$Handler</class>
      <method>actionPerformed</method>
    </frame>
    <frame>
      <class>javax.swing.DefaultButtonModel</class>
      <method>fireActionPerformed</method>
    </frame>
    <frame>
      <class>javax.swing.DefaultButtonModel</class>
      <method>setPressed</method>
    </frame>
    <frame>
      <class>javax.swing.plaf.basic.BasicButtonListener</class>
      <method>mouseReleased</method>
    </frame>
    <frame>
      <class>java.awt.Component</class>
      <method>processMouseEvent</method>
    </frame>
    <frame>
      <class>javax.swing.JComponent</class>
      <method>processMouseEvent</method>
    </frame>
    <frame>
      <class>java.awt.Component</class>
      <method>processEvent</method>
    </frame>
    <frame>
      <class>java.awt.Container</class>
      <method>processEvent</method>
    </frame>
    <frame>
      <class>java.awt.Component</class>
      <method>dispatchEventImpl</method>
    </frame>
    <frame>
      <class>java.awt.Container</class>
      <method>dispatchEventImpl</method>
    </frame>
    <frame>
      <class>java.awt.Component</class>
      <method>dispatchEvent</method>
    </frame>
    <frame>
      <class>java.awt.LightweightDispatcher</class>
      <method>retargetMouseEvent</method>
    </frame>
    <frame>
      <class>java.awt.LightweightDispatcher</class>
      <method>processMouseEvent</method>
    </frame>
    <frame>
      <class>java.awt.LightweightDispatcher</class>
      <method>dispatchEvent</method>
    </frame>
    <frame>
      <class>java.awt.Container</class>
      <method>dispatchEventImpl</method>
    </frame>
    <frame>
      <class>java.awt.Window</class>
      <method>dispatchEventImpl</method>
    </frame>
    <frame>
      <class>java.awt.Component</class>
      <method>dispatchEvent</method>
    </frame>
    <frame>
      <class>java.awt.EventQueue</class>
      <method>dispatchEventImpl</method>
    </frame>
    <frame>
      <class>java.awt.EventQueue</class>
      <method>access$500</method>
    </frame>
    <frame>
      <class>java.awt.EventQueue$3</class>
      <method>run</method>
    </frame>
    <frame>
      <class>java.awt.EventQueue$3</class>
      <method>run</method>
    </frame>
    <frame>
      <class>java.security.AccessController</class>
      <method>doPrivileged</method>
    </frame>
    <frame>
      <class>java.security.ProtectionDomain$JavaSecurityAccessImpl</class>
      <method>doIntersectionPrivilege</method>
    </frame>
    <frame>
      <class>java.security.ProtectionDomain$JavaSecurityAccessImpl</class>
      <method>doIntersectionPrivilege</method>
    </frame>
    <frame>
      <class>java.awt.EventQueue$4</class>
      <method>run</method>
    </frame>
    <frame>
      <class>java.awt.EventQueue$4</class>
      <method>run</method>
    </frame>
    <frame>
      <class>java.security.AccessController</class>
      <method>doPrivileged</method>
    </frame>
    <frame>
      <class>java.security.ProtectionDomain$JavaSecurityAccessImpl</class>
      <method>doIntersectionPrivilege</method>
    </frame>
    <frame>
      <class>java.awt.EventQueue</class>
      <method>dispatchEvent</method>
    </frame>
    <frame>
      <class>java.awt.EventDispatchThread</class>
      <method>pumpOneEventForFilters</method>
    </frame>
    <frame>
      <class>java.awt.EventDispatchThread</class>
      <method>pumpEventsForFilter</method>
    </frame>
    <frame>
      <class>java.awt.EventDispatchThread</class>
      <method>pumpEventsForHierarchy</method>
    </frame>
    <frame>
      <class>java.awt.EventDispatchThread</class>
      <method>pumpEvents</method>
    </frame>
    <frame>
      <class>java.awt.EventDispatchThread</class>
      <method>pumpEvents</method>
    </frame>
    <frame>
      <class>java.awt.EventDispatchThread</class>
      <method>run</method>
    </frame>
  </exception>
</record>
</log>
<?xml version="1.0" encoding="windows-1252" standalone="no"?>
<!DOCTYPE log SYSTEM "logger.dtd">
<log>
</log>
<?xml version="1.0" encoding="windows-1252" standalone="no"?>
<!DOCTYPE log SYSTEM "logger.dtd">
<log>
<record>
  <date>2016-03-08T21:56:18</date>
  <millis>1457470578878</millis>
  <sequence>4</sequence>
  <logger>global</logger>
  <level>SEVERE</level>
  <class>it.vin.dev.menzione.frame.MainFrame$2</class>
  <method>actionPerformed</method>
  <thread>14</thread>
  <exception>
    <message>java.lang.NullPointerException</message>
    <frame>
      <class>it.vin.dev.menzione.logica.PdfReportBuilder</class>
      <method>createTable</method>
      <line>96</line>
    </frame>
    <frame>
      <class>it.vin.dev.menzione.logica.PdfReportBuilder</class>
      <method>&lt;init&gt;</method>
      <line>64</line>
    </frame>
    <frame>
      <class>it.vin.dev.menzione.frame.MainFrame$2</class>
      <method>actionPerformed</method>
      <line>249</line>
    </frame>
    <frame>
      <class>javax.swing.AbstractButton</class>
      <method>fireActionPerformed</method>
    </frame>
    <frame>
      <class>javax.swing.AbstractButton$Handler</class>
      <method>actionPerformed</method>
    </frame>
    <frame>
      <class>javax.swing.DefaultButtonModel</class>
      <method>fireActionPerformed</method>
    </frame>
    <frame>
      <class>javax.swing.DefaultButtonModel</class>
      <method>setPressed</method>
    </frame>
    <frame>
      <class>javax.swing.plaf.basic.BasicButtonListener</class>
      <method>mouseReleased</method>
    </frame>
    <frame>
      <class>java.awt.Component</class>
      <method>processMouseEvent</method>
    </frame>
    <frame>
      <class>javax.swing.JComponent</class>
      <method>processMouseEvent</method>
    </frame>
    <frame>
      <class>java.awt.Component</class>
      <method>processEvent</method>
    </frame>
    <frame>
      <class>java.awt.Container</class>
      <method>processEvent</method>
    </frame>
    <frame>
      <class>java.awt.Component</class>
      <method>dispatchEventImpl</method>
    </frame>
    <frame>
      <class>java.awt.Container</class>
      <method>dispatchEventImpl</method>
    </frame>
    <frame>
      <class>java.awt.Component</class>
      <method>dispatchEvent</method>
    </frame>
    <frame>
      <class>java.awt.LightweightDispatcher</class>
      <method>retargetMouseEvent</method>
    </frame>
    <frame>
      <class>java.awt.LightweightDispatcher</class>
      <method>processMouseEvent</method>
    </frame>
    <frame>
      <class>java.awt.LightweightDispatcher</class>
      <method>dispatchEvent</method>
    </frame>
    <frame>
      <class>java.awt.Container</class>
      <method>dispatchEventImpl</method>
    </frame>
    <frame>
      <class>java.awt.Window</class>
      <method>dispatchEventImpl</method>
    </frame>
    <frame>
      <class>java.awt.Component</class>
      <method>dispatchEvent</method>
    </frame>
    <frame>
      <class>java.awt.EventQueue</class>
      <method>dispatchEventImpl</method>
    </frame>
    <frame>
      <class>java.awt.EventQueue</class>
      <method>access$500</method>
    </frame>
    <frame>
      <class>java.awt.EventQueue$3</class>
      <method>run</method>
    </frame>
    <frame>
      <class>java.awt.EventQueue$3</class>
      <method>run</method>
    </frame>
    <frame>
      <class>java.security.AccessController</class>
      <method>doPrivileged</method>
    </frame>
    <frame>
      <class>java.security.ProtectionDomain$JavaSecurityAccessImpl</class>
      <method>doIntersectionPrivilege</method>
    </frame>
    <frame>
      <class>java.security.ProtectionDomain$JavaSecurityAccessImpl</class>
      <method>doIntersectionPrivilege</method>
    </frame>
    <frame>
      <class>java.awt.EventQueue$4</class>
      <method>run</method>
    </frame>
    <frame>
      <class>java.awt.EventQueue$4</class>
      <method>run</method>
    </frame>
    <frame>
      <class>java.security.AccessController</class>
      <method>doPrivileged</method>
    </frame>
    <frame>
      <class>java.security.ProtectionDomain$JavaSecurityAccessImpl</class>
      <method>doIntersectionPrivilege</method>
    </frame>
    <frame>
      <class>java.awt.EventQueue</class>
      <method>dispatchEvent</method>
    </frame>
    <frame>
      <class>java.awt.EventDispatchThread</class>
      <method>pumpOneEventForFilters</method>
    </frame>
    <frame>
      <class>java.awt.EventDispatchThread</class>
      <method>pumpEventsForFilter</method>
    </frame>
    <frame>
      <class>java.awt.EventDispatchThread</class>
      <method>pumpEventsForHierarchy</method>
    </frame>
    <frame>
      <class>java.awt.EventDispatchThread</class>
      <method>pumpEvents</method>
    </frame>
    <frame>
      <class>java.awt.EventDispatchThread</class>
      <method>pumpEvents</method>
    </frame>
    <frame>
      <class>java.awt.EventDispatchThread</class>
      <method>run</method>
    </frame>
  </exception>
</record>
</log>
<?xml version="1.0" encoding="windows-1252" standalone="no"?>
<!DOCTYPE log SYSTEM "logger.dtd">
<log>
</log>
<?xml version="1.0" encoding="windows-1252" standalone="no"?>
<!DOCTYPE log SYSTEM "logger.dtd">
<log>
<record>
  <date>2016-03-08T22:01:35</date>
  <millis>1457470895285</millis>
  <sequence>4</sequence>
  <logger>global</logger>
  <level>SEVERE</level>
  <class>it.vin.dev.menzione.frame.MainFrame$2</class>
  <method>actionPerformed</method>
  <thread>14</thread>
  <exception>
    <message>java.lang.NullPointerException</message>
    <frame>
      <class>it.vin.dev.menzione.logica.PdfReportBuilder</class>
      <method>createTable</method>
      <line>96</line>
    </frame>
    <frame>
      <class>it.vin.dev.menzione.logica.PdfReportBuilder</class>
      <method>&lt;init&gt;</method>
      <line>64</line>
    </frame>
    <frame>
      <class>it.vin.dev.menzione.frame.MainFrame$2</class>
      <method>actionPerformed</method>
      <line>254</line>
    </frame>
    <frame>
      <class>javax.swing.AbstractButton</class>
      <method>fireActionPerformed</method>
    </frame>
    <frame>
      <class>javax.swing.AbstractButton$Handler</class>
      <method>actionPerformed</method>
    </frame>
    <frame>
      <class>javax.swing.DefaultButtonModel</class>
      <method>fireActionPerformed</method>
    </frame>
    <frame>
      <class>javax.swing.DefaultButtonModel</class>
      <method>setPressed</method>
    </frame>
    <frame>
      <class>javax.swing.plaf.basic.BasicButtonListener</class>
      <method>mouseReleased</method>
    </frame>
    <frame>
      <class>java.awt.Component</class>
      <method>processMouseEvent</method>
    </frame>
    <frame>
      <class>javax.swing.JComponent</class>
      <method>processMouseEvent</method>
    </frame>
    <frame>
      <class>java.awt.Component</class>
      <method>processEvent</method>
    </frame>
    <frame>
      <class>java.awt.Container</class>
      <method>processEvent</method>
    </frame>
    <frame>
      <class>java.awt.Component</class>
      <method>dispatchEventImpl</method>
    </frame>
    <frame>
      <class>java.awt.Container</class>
      <method>dispatchEventImpl</method>
    </frame>
    <frame>
      <class>java.awt.Component</class>
      <method>dispatchEvent</method>
    </frame>
    <frame>
      <class>java.awt.LightweightDispatcher</class>
      <method>retargetMouseEvent</method>
    </frame>
    <frame>
      <class>java.awt.LightweightDispatcher</class>
      <method>processMouseEvent</method>
    </frame>
    <frame>
      <class>java.awt.LightweightDispatcher</class>
      <method>dispatchEvent</method>
    </frame>
    <frame>
      <class>java.awt.Container</class>
      <method>dispatchEventImpl</method>
    </frame>
    <frame>
      <class>java.awt.Window</class>
      <method>dispatchEventImpl</method>
    </frame>
    <frame>
      <class>java.awt.Component</class>
      <method>dispatchEvent</method>
    </frame>
    <frame>
      <class>java.awt.EventQueue</class>
      <method>dispatchEventImpl</method>
    </frame>
    <frame>
      <class>java.awt.EventQueue</class>
      <method>access$500</method>
    </frame>
    <frame>
      <class>java.awt.EventQueue$3</class>
      <method>run</method>
    </frame>
    <frame>
      <class>java.awt.EventQueue$3</class>
      <method>run</method>
    </frame>
    <frame>
      <class>java.security.AccessController</class>
      <method>doPrivileged</method>
    </frame>
    <frame>
      <class>java.security.ProtectionDomain$JavaSecurityAccessImpl</class>
      <method>doIntersectionPrivilege</method>
    </frame>
    <frame>
      <class>java.security.ProtectionDomain$JavaSecurityAccessImpl</class>
      <method>doIntersectionPrivilege</method>
    </frame>
    <frame>
      <class>java.awt.EventQueue$4</class>
      <method>run</method>
    </frame>
    <frame>
      <class>java.awt.EventQueue$4</class>
      <method>run</method>
    </frame>
    <frame>
      <class>java.security.AccessController</class>
      <method>doPrivileged</method>
    </frame>
    <frame>
      <class>java.security.ProtectionDomain$JavaSecurityAccessImpl</class>
      <method>doIntersectionPrivilege</method>
    </frame>
    <frame>
      <class>java.awt.EventQueue</class>
      <method>dispatchEvent</method>
    </frame>
    <frame>
      <class>java.awt.EventDispatchThread</class>
      <method>pumpOneEventForFilters</method>
    </frame>
    <frame>
      <class>java.awt.EventDispatchThread</class>
      <method>pumpEventsForFilter</method>
    </frame>
    <frame>
      <class>java.awt.EventDispatchThread</class>
      <method>pumpEventsForHierarchy</method>
    </frame>
    <frame>
      <class>java.awt.EventDispatchThread</class>
      <method>pumpEvents</method>
    </frame>
    <frame>
      <class>java.awt.EventDispatchThread</class>
      <method>pumpEvents</method>
    </frame>
    <frame>
      <class>java.awt.EventDispatchThread</class>
      <method>run</method>
    </frame>
  </exception>
</record>
</log>
<?xml version="1.0" encoding="windows-1252" standalone="no"?>
<!DOCTYPE log SYSTEM "logger.dtd">
<log>
</log>
<?xml version="1.0" encoding="windows-1252" standalone="no"?>
<!DOCTYPE log SYSTEM "logger.dtd">
<log>
</log>
<?xml version="1.0" encoding="windows-1252" standalone="no"?>
<!DOCTYPE log SYSTEM "logger.dtd">
<log>
</log>
<?xml version="1.0" encoding="windows-1252" standalone="no"?>
<!DOCTYPE log SYSTEM "logger.dtd">
<log>
</log>
<?xml version="1.0" encoding="windows-1252" standalone="no"?>
<!DOCTYPE log SYSTEM "logger.dtd">
<log>
</log>
<?xml version="1.0" encoding="windows-1252" standalone="no"?>
<!DOCTYPE log SYSTEM "logger.dtd">
<log>
</log>
<?xml version="1.0" encoding="windows-1252" standalone="no"?>
<!DOCTYPE log SYSTEM "logger.dtd">
<log>
</log>
<?xml version="1.0" encoding="windows-1252" standalone="no"?>
<!DOCTYPE log SYSTEM "logger.dtd">
<log>
</log>
<?xml version="1.0" encoding="windows-1252" standalone="no"?>
<!DOCTYPE log SYSTEM "logger.dtd">
<log>
</log>
<?xml version="1.0" encoding="windows-1252" standalone="no"?>
<!DOCTYPE log SYSTEM "logger.dtd">
<log>
</log>
<?xml version="1.0" encoding="windows-1252" standalone="no"?>
<!DOCTYPE log SYSTEM "logger.dtd">
<log>
</log>
<?xml version="1.0" encoding="windows-1252" standalone="no"?>
<!DOCTYPE log SYSTEM "logger.dtd">
<log>
</log>
<?xml version="1.0" encoding="windows-1252" standalone="no"?>
<!DOCTYPE log SYSTEM "logger.dtd">
<log>
</log>
<?xml version="1.0" encoding="windows-1252" standalone="no"?>
<!DOCTYPE log SYSTEM "logger.dtd">
<log>
</log>
<?xml version="1.0" encoding="windows-1252" standalone="no"?>
<!DOCTYPE log SYSTEM "logger.dtd">
<log>
</log>
<?xml version="1.0" encoding="windows-1252" standalone="no"?>
<!DOCTYPE log SYSTEM "logger.dtd">
<log>
</log>
<?xml version="1.0" encoding="windows-1252" standalone="no"?>
<!DOCTYPE log SYSTEM "logger.dtd">
<log>
</log>
<?xml version="1.0" encoding="windows-1252" standalone="no"?>
<!DOCTYPE log SYSTEM "logger.dtd">
<log>
</log>
<?xml version="1.0" encoding="windows-1252" standalone="no"?>
<!DOCTYPE log SYSTEM "logger.dtd">
<log>
</log>
<?xml version="1.0" encoding="windows-1252" standalone="no"?>
<!DOCTYPE log SYSTEM "logger.dtd">
<log>
</log>
<?xml version="1.0" encoding="windows-1252" standalone="no"?>
<!DOCTYPE log SYSTEM "logger.dtd">
<log>
</log>
<?xml version="1.0" encoding="windows-1252" standalone="no"?>
<!DOCTYPE log SYSTEM "logger.dtd">
<log>
</log>
<?xml version="1.0" encoding="windows-1252" standalone="no"?>
<!DOCTYPE log SYSTEM "logger.dtd">
<log>
</log>
<?xml version="1.0" encoding="windows-1252" standalone="no"?>
<!DOCTYPE log SYSTEM "logger.dtd">
<log>
</log>
<?xml version="1.0" encoding="windows-1252" standalone="no"?>
<!DOCTYPE log SYSTEM "logger.dtd">
<log>
</log>
<?xml version="1.0" encoding="windows-1252" standalone="no"?>
<!DOCTYPE log SYSTEM "logger.dtd">
<log>
</log>
<?xml version="1.0" encoding="windows-1252" standalone="no"?>
<!DOCTYPE log SYSTEM "logger.dtd">
<log>
</log>
<?xml version="1.0" encoding="windows-1252" standalone="no"?>
<!DOCTYPE log SYSTEM "logger.dtd">
<log>
</log>
<?xml version="1.0" encoding="windows-1252" standalone="no"?>
<!DOCTYPE log SYSTEM "logger.dtd">
<log>
</log>
<?xml version="1.0" encoding="windows-1252" standalone="no"?>
<!DOCTYPE log SYSTEM "logger.dtd">
<log>
</log>
<?xml version="1.0" encoding="windows-1252" standalone="no"?>
<!DOCTYPE log SYSTEM "logger.dtd">
<log>
</log>
<?xml version="1.0" encoding="windows-1252" standalone="no"?>
<!DOCTYPE log SYSTEM "logger.dtd">
<log>
</log>
<?xml version="1.0" encoding="windows-1252" standalone="no"?>
<!DOCTYPE log SYSTEM "logger.dtd">
<log>
</log>
<?xml version="1.0" encoding="windows-1252" standalone="no"?>
<!DOCTYPE log SYSTEM "logger.dtd">
<log>
</log>
<?xml version="1.0" encoding="windows-1252" standalone="no"?>
<!DOCTYPE log SYSTEM "logger.dtd">
<log>
</log>
