<?xml version="1.0" encoding="windows-1252" standalone="no"?>
<!DOCTYPE log SYSTEM "logger.dtd">
<log>
<record>
  <date>2016-03-09T00:00:33</date>
  <millis>1457478033157</millis>
  <sequence>1</sequence>
  <logger>global</logger>
  <level>INFO</level>
  <class>it.vin.dev.menzione.frame.MainFrame</class>
  <method>reloadOrdiniModel</method>
  <thread>14</thread>
  <message>Eseguito if salita</message>
</record>
<record>
  <date>2016-03-09T00:00:33</date>
  <millis>1457478033161</millis>
  <sequence>2</sequence>
  <logger>global</logger>
  <level>INFO</level>
  <class>it.vin.dev.menzione.frame.MainFrame</class>
  <method>reloadOrdiniModel</method>
  <thread>14</thread>
  <message>Eseguito if salita</message>
</record>
<record>
  <date>2016-03-09T00:00:33</date>
  <millis>1457478033166</millis>
  <sequence>3</sequence>
  <logger>global</logger>
  <level>INFO</level>
  <class>it.vin.dev.menzione.frame.MainFrame</class>
  <method>reloadOrdiniModel</method>
  <thread>14</thread>
  <message>Eseguito if salita</message>
</record>
</log>
<?xml version="1.0" encoding="windows-1252" standalone="no"?>
<!DOCTYPE log SYSTEM "logger.dtd">
<log>
<record>
  <date>2016-03-09T00:00:47</date>
  <millis>1457478047442</millis>
  <sequence>1</sequence>
  <logger>global</logger>
  <level>INFO</level>
  <class>it.vin.dev.menzione.frame.MainFrame</class>
  <method>reloadOrdiniModel</method>
  <thread>14</thread>
  <message>Eseguito if salita</message>
</record>
<record>
  <date>2016-03-09T00:00:47</date>
  <millis>1457478047444</millis>
  <sequence>2</sequence>
  <logger>global</logger>
  <level>INFO</level>
  <class>it.vin.dev.menzione.frame.MainFrame</class>
  <method>reloadOrdiniModel</method>
  <thread>14</thread>
  <message>Eseguito if salita</message>
</record>
<record>
  <date>2016-03-09T00:00:47</date>
  <millis>1457478047447</millis>
  <sequence>3</sequence>
  <logger>global</logger>
  <level>INFO</level>
  <class>it.vin.dev.menzione.frame.MainFrame</class>
  <method>reloadOrdiniModel</method>
  <thread>14</thread>
  <message>Eseguito if salita</message>
</record>
</log>
<?xml version="1.0" encoding="windows-1252" standalone="no"?>
<!DOCTYPE log SYSTEM "logger.dtd">
<log>
<record>
  <date>2016-03-09T00:01:24</date>
  <millis>1457478084284</millis>
  <sequence>1</sequence>
  <logger>global</logger>
  <level>INFO</level>
  <class>it.vin.dev.menzione.frame.MainFrame</class>
  <method>reloadOrdiniModel</method>
  <thread>14</thread>
  <message>Eseguito if salita</message>
</record>
<record>
  <date>2016-03-09T00:01:24</date>
  <millis>1457478084286</millis>
  <sequence>2</sequence>
  <logger>global</logger>
  <level>INFO</level>
  <class>it.vin.dev.menzione.frame.MainFrame</class>
  <method>reloadOrdiniModel</method>
  <thread>14</thread>
  <message>Eseguito if salita</message>
</record>
<record>
  <date>2016-03-09T00:01:24</date>
  <millis>1457478084289</millis>
  <sequence>3</sequence>
  <logger>global</logger>
  <level>INFO</level>
  <class>it.vin.dev.menzione.frame.MainFrame</class>
  <method>reloadOrdiniModel</method>
  <thread>14</thread>
  <message>Eseguito if salita</message>
</record>
</log>
<?xml version="1.0" encoding="windows-1252" standalone="no"?>
<!DOCTYPE log SYSTEM "logger.dtd">
<log>
<record>
  <date>2016-03-09T00:01:52</date>
  <millis>1457478112371</millis>
  <sequence>1</sequence>
  <logger>global</logger>
  <level>INFO</level>
  <class>it.vin.dev.menzione.frame.MainFrame</class>
  <method>reloadOrdiniModel</method>
  <thread>14</thread>
  <message>Eseguito if salita</message>
</record>
<record>
  <date>2016-03-09T00:01:52</date>
  <millis>1457478112372</millis>
  <sequence>2</sequence>
  <logger>global</logger>
  <level>INFO</level>
  <class>it.vin.dev.menzione.frame.MainFrame</class>
  <method>reloadOrdiniModel</method>
  <thread>14</thread>
  <message>Eseguito if salita</message>
</record>
<record>
  <date>2016-03-09T00:01:52</date>
  <millis>1457478112376</millis>
  <sequence>3</sequence>
  <logger>global</logger>
  <level>INFO</level>
  <class>it.vin.dev.menzione.frame.MainFrame</class>
  <method>reloadOrdiniModel</method>
  <thread>14</thread>
  <message>Eseguito if salita</message>
</record>
</log>
<?xml version="1.0" encoding="windows-1252" standalone="no"?>
<!DOCTYPE log SYSTEM "logger.dtd">
<log>
<record>
  <date>2016-03-09T00:05:08</date>
  <millis>1457478308763</millis>
  <sequence>1</sequence>
  <logger>global</logger>
  <level>INFO</level>
  <class>it.vin.dev.menzione.frame.MainFrame</class>
  <method>reloadOrdiniModel</method>
  <thread>14</thread>
  <message>Eseguito if salita</message>
</record>
<record>
  <date>2016-03-09T00:05:08</date>
  <millis>1457478308765</millis>
  <sequence>2</sequence>
  <logger>global</logger>
  <level>INFO</level>
  <class>it.vin.dev.menzione.frame.MainFrame</class>
  <method>reloadOrdiniModel</method>
  <thread>14</thread>
  <message>Eseguito if salita</message>
</record>
<record>
  <date>2016-03-09T00:05:08</date>
  <millis>1457478308767</millis>
  <sequence>3</sequence>
  <logger>global</logger>
  <level>INFO</level>
  <class>it.vin.dev.menzione.frame.MainFrame</class>
  <method>reloadOrdiniModel</method>
  <thread>14</thread>
  <message>Eseguito if salita</message>
</record>
</log>
<?xml version="1.0" encoding="windows-1252" standalone="no"?>
<!DOCTYPE log SYSTEM "logger.dtd">
<log>
<record>
  <date>2016-03-09T00:05:29</date>
  <millis>1457478329255</millis>
  <sequence>1</sequence>
  <logger>global</logger>
  <level>INFO</level>
  <class>it.vin.dev.menzione.frame.MainFrame</class>
  <method>reloadOrdiniModel</method>
  <thread>14</thread>
  <message>Eseguito if salita</message>
</record>
<record>
  <date>2016-03-09T00:05:29</date>
  <millis>1457478329257</millis>
  <sequence>2</sequence>
  <logger>global</logger>
  <level>INFO</level>
  <class>it.vin.dev.menzione.frame.MainFrame</class>
  <method>reloadOrdiniModel</method>
  <thread>14</thread>
  <message>Eseguito if salita</message>
</record>
<record>
  <date>2016-03-09T00:05:29</date>
  <millis>1457478329260</millis>
  <sequence>3</sequence>
  <logger>global</logger>
  <level>INFO</level>
  <class>it.vin.dev.menzione.frame.MainFrame</class>
  <method>reloadOrdiniModel</method>
  <thread>14</thread>
  <message>Eseguito if salita</message>
</record>
</log>
<?xml version="1.0" encoding="windows-1252" standalone="no"?>
<!DOCTYPE log SYSTEM "logger.dtd">
<log>
<record>
  <date>2016-03-09T00:06:54</date>
  <millis>1457478414460</millis>
  <sequence>1</sequence>
  <logger>global</logger>
  <level>INFO</level>
  <class>it.vin.dev.menzione.frame.MainFrame</class>
  <method>reloadOrdiniModel</method>
  <thread>14</thread>
  <message>Eseguito if salita</message>
</record>
<record>
  <date>2016-03-09T00:06:54</date>
  <millis>1457478414462</millis>
  <sequence>2</sequence>
  <logger>global</logger>
  <level>INFO</level>
  <class>it.vin.dev.menzione.frame.MainFrame</class>
  <method>reloadOrdiniModel</method>
  <thread>14</thread>
  <message>Eseguito if salita</message>
</record>
<record>
  <date>2016-03-09T00:06:54</date>
  <millis>1457478414466</millis>
  <sequence>3</sequence>
  <logger>global</logger>
  <level>INFO</level>
  <class>it.vin.dev.menzione.frame.MainFrame</class>
  <method>reloadOrdiniModel</method>
  <thread>14</thread>
  <message>Eseguito if salita</message>
</record>
</log>
<?xml version="1.0" encoding="windows-1252" standalone="no"?>
<!DOCTYPE log SYSTEM "logger.dtd">
<log>
<record>
  <date>2016-03-09T00:07:17</date>
  <millis>1457478437982</millis>
  <sequence>1</sequence>
  <logger>global</logger>
  <level>INFO</level>
  <class>it.vin.dev.menzione.frame.MainFrame</class>
  <method>reloadOrdiniModel</method>
  <thread>14</thread>
  <message>Eseguito if salita</message>
</record>
<record>
  <date>2016-03-09T00:07:17</date>
  <millis>1457478437986</millis>
  <sequence>2</sequence>
  <logger>global</logger>
  <level>INFO</level>
  <class>it.vin.dev.menzione.frame.MainFrame</class>
  <method>reloadOrdiniModel</method>
  <thread>14</thread>
  <message>Eseguito if salita</message>
</record>
<record>
  <date>2016-03-09T00:07:17</date>
  <millis>1457478437989</millis>
  <sequence>3</sequence>
  <logger>global</logger>
  <level>INFO</level>
  <class>it.vin.dev.menzione.frame.MainFrame</class>
  <method>reloadOrdiniModel</method>
  <thread>14</thread>
  <message>Eseguito if salita</message>
</record>
</log>
<?xml version="1.0" encoding="windows-1252" standalone="no"?>
<!DOCTYPE log SYSTEM "logger.dtd">
<log>
<record>
  <date>2016-03-09T00:08:25</date>
  <millis>1457478505865</millis>
  <sequence>1</sequence>
  <logger>global</logger>
  <level>INFO</level>
  <class>it.vin.dev.menzione.frame.MainFrame</class>
  <method>reloadOrdiniModel</method>
  <thread>14</thread>
  <message>Eseguito if salita</message>
</record>
<record>
  <date>2016-03-09T00:08:25</date>
  <millis>1457478505867</millis>
  <sequence>2</sequence>
  <logger>global</logger>
  <level>INFO</level>
  <class>it.vin.dev.menzione.frame.MainFrame</class>
  <method>reloadOrdiniModel</method>
  <thread>14</thread>
  <message>Eseguito if salita</message>
</record>
<record>
  <date>2016-03-09T00:08:25</date>
  <millis>1457478505870</millis>
  <sequence>3</sequence>
  <logger>global</logger>
  <level>INFO</level>
  <class>it.vin.dev.menzione.frame.MainFrame</class>
  <method>reloadOrdiniModel</method>
  <thread>14</thread>
  <message>Eseguito if salita</message>
</record>
</log>
<?xml version="1.0" encoding="windows-1252" standalone="no"?>
<!DOCTYPE log SYSTEM "logger.dtd">
<log>
<record>
  <date>2016-03-09T00:11:57</date>
  <millis>1457478717167</millis>
  <sequence>1</sequence>
  <logger>global</logger>
  <level>INFO</level>
  <class>it.vin.dev.menzione.frame.MainFrame</class>
  <method>reloadOrdiniModel</method>
  <thread>14</thread>
  <message>Eseguito if salita</message>
</record>
<record>
  <date>2016-03-09T00:11:57</date>
  <millis>1457478717169</millis>
  <sequence>2</sequence>
  <logger>global</logger>
  <level>INFO</level>
  <class>it.vin.dev.menzione.frame.MainFrame</class>
  <method>reloadOrdiniModel</method>
  <thread>14</thread>
  <message>Eseguito if salita</message>
</record>
<record>
  <date>2016-03-09T00:11:57</date>
  <millis>1457478717172</millis>
  <sequence>3</sequence>
  <logger>global</logger>
  <level>INFO</level>
  <class>it.vin.dev.menzione.frame.MainFrame</class>
  <method>reloadOrdiniModel</method>
  <thread>14</thread>
  <message>Eseguito if salita</message>
</record>
</log>
<?xml version="1.0" encoding="windows-1252" standalone="no"?>
<!DOCTYPE log SYSTEM "logger.dtd">
<log>
<record>
  <date>2016-03-09T17:26:04</date>
  <millis>1457540764229</millis>
  <sequence>1</sequence>
  <logger>global</logger>
  <level>INFO</level>
  <class>it.vin.dev.menzione.frame.MainFrame</class>
  <method>reloadOrdiniModel</method>
  <thread>14</thread>
  <message>Eseguito if salita</message>
</record>
<record>
  <date>2016-03-09T17:26:04</date>
  <millis>1457540764244</millis>
  <sequence>2</sequence>
  <logger>global</logger>
  <level>INFO</level>
  <class>it.vin.dev.menzione.frame.MainFrame</class>
  <method>reloadOrdiniModel</method>
  <thread>14</thread>
  <message>Eseguito if salita</message>
</record>
<record>
  <date>2016-03-09T17:26:04</date>
  <millis>1457540764255</millis>
  <sequence>3</sequence>
  <logger>global</logger>
  <level>INFO</level>
  <class>it.vin.dev.menzione.frame.MainFrame</class>
  <method>reloadOrdiniModel</method>
  <thread>14</thread>
  <message>Eseguito if salita</message>
</record>
</log>
<?xml version="1.0" encoding="windows-1252" standalone="no"?>
<!DOCTYPE log SYSTEM "logger.dtd">
<log>
<record>
  <date>2016-03-09T17:34:00</date>
  <millis>1457541240369</millis>
  <sequence>1</sequence>
  <logger>global</logger>
  <level>INFO</level>
  <class>it.vin.dev.menzione.frame.MainFrame</class>
  <method>reloadOrdiniModel</method>
  <thread>14</thread>
  <message>Eseguito if salita</message>
</record>
<record>
  <date>2016-03-09T17:34:00</date>
  <millis>1457541240369</millis>
  <sequence>2</sequence>
  <logger>global</logger>
  <level>INFO</level>
  <class>it.vin.dev.menzione.frame.MainFrame</class>
  <method>reloadOrdiniModel</method>
  <thread>14</thread>
  <message>Eseguito if salita</message>
</record>
<record>
  <date>2016-03-09T17:34:00</date>
  <millis>1457541240383</millis>
  <sequence>3</sequence>
  <logger>global</logger>
  <level>INFO</level>
  <class>it.vin.dev.menzione.frame.MainFrame</class>
  <method>reloadOrdiniModel</method>
  <thread>14</thread>
  <message>Eseguito if salita</message>
</record>
</log>
<?xml version="1.0" encoding="windows-1252" standalone="no"?>
<!DOCTYPE log SYSTEM "logger.dtd">
<log>
<record>
  <date>2016-03-09T17:34:21</date>
  <millis>1457541261559</millis>
  <sequence>1</sequence>
  <logger>global</logger>
  <level>INFO</level>
  <class>it.vin.dev.menzione.frame.MainFrame</class>
  <method>reloadOrdiniModel</method>
  <thread>14</thread>
  <message>Eseguito if salita</message>
</record>
<record>
  <date>2016-03-09T17:34:21</date>
  <millis>1457541261559</millis>
  <sequence>2</sequence>
  <logger>global</logger>
  <level>INFO</level>
  <class>it.vin.dev.menzione.frame.MainFrame</class>
  <method>reloadOrdiniModel</method>
  <thread>14</thread>
  <message>Eseguito if salita</message>
</record>
<record>
  <date>2016-03-09T17:34:21</date>
  <millis>1457541261575</millis>
  <sequence>3</sequence>
  <logger>global</logger>
  <level>INFO</level>
  <class>it.vin.dev.menzione.frame.MainFrame</class>
  <method>reloadOrdiniModel</method>
  <thread>14</thread>
  <message>Eseguito if salita</message>
</record>
</log>
<?xml version="1.0" encoding="windows-1252" standalone="no"?>
<!DOCTYPE log SYSTEM "logger.dtd">
<log>
<record>
  <date>2016-03-09T17:34:36</date>
  <millis>1457541276561</millis>
  <sequence>1</sequence>
  <logger>global</logger>
  <level>INFO</level>
  <class>it.vin.dev.menzione.frame.MainFrame</class>
  <method>reloadOrdiniModel</method>
  <thread>14</thread>
  <message>Eseguito if salita</message>
</record>
<record>
  <date>2016-03-09T17:34:36</date>
  <millis>1457541276561</millis>
  <sequence>2</sequence>
  <logger>global</logger>
  <level>INFO</level>
  <class>it.vin.dev.menzione.frame.MainFrame</class>
  <method>reloadOrdiniModel</method>
  <thread>14</thread>
  <message>Eseguito if salita</message>
</record>
<record>
  <date>2016-03-09T17:34:36</date>
  <millis>1457541276569</millis>
  <sequence>3</sequence>
  <logger>global</logger>
  <level>INFO</level>
  <class>it.vin.dev.menzione.frame.MainFrame</class>
  <method>reloadOrdiniModel</method>
  <thread>14</thread>
  <message>Eseguito if salita</message>
</record>
</log>
<?xml version="1.0" encoding="windows-1252" standalone="no"?>
<!DOCTYPE log SYSTEM "logger.dtd">
<log>
<record>
  <date>2016-03-09T17:34:56</date>
  <millis>1457541296317</millis>
  <sequence>1</sequence>
  <logger>global</logger>
  <level>INFO</level>
  <class>it.vin.dev.menzione.frame.MainFrame</class>
  <method>reloadOrdiniModel</method>
  <thread>14</thread>
  <message>Eseguito if salita</message>
</record>
<record>
  <date>2016-03-09T17:34:56</date>
  <millis>1457541296317</millis>
  <sequence>2</sequence>
  <logger>global</logger>
  <level>INFO</level>
  <class>it.vin.dev.menzione.frame.MainFrame</class>
  <method>reloadOrdiniModel</method>
  <thread>14</thread>
  <message>Eseguito if salita</message>
</record>
<record>
  <date>2016-03-09T17:34:56</date>
  <millis>1457541296326</millis>
  <sequence>3</sequence>
  <logger>global</logger>
  <level>INFO</level>
  <class>it.vin.dev.menzione.frame.MainFrame</class>
  <method>reloadOrdiniModel</method>
  <thread>14</thread>
  <message>Eseguito if salita</message>
</record>
<record>
  <date>2016-03-09T17:35:02</date>
  <millis>1457541302576</millis>
  <sequence>4</sequence>
  <logger>global</logger>
  <level>INFO</level>
  <class>it.vin.dev.menzione.frame.ViaggiTableModel</class>
  <method>setValueAt</method>
  <thread>14</thread>
  <message>true</message>
</record>
<record>
  <date>2016-03-09T17:35:02</date>
  <millis>1457541302576</millis>
  <sequence>5</sequence>
  <logger>global</logger>
  <level>INFO</level>
  <class>it.vin.dev.menzione.frame.MainFrame</class>
  <method>tableChanged</method>
  <thread>14</thread>
  <message>RIGA MODIFICATA: 2   COLONNA MODIFICATA: 4</message>
</record>
<record>
  <date>2016-03-09T17:35:02</date>
  <millis>1457541302576</millis>
  <sequence>6</sequence>
  <logger>global</logger>
  <level>INFO</level>
  <class>it.vin.dev.menzione.frame.MainFrame</class>
  <method>tableChanged</method>
  <thread>14</thread>
  <message>Viaggio [id=372, camion=RA12345, autista=cfe, posizione=Nord, note=, data=2015-12-29, litriB=0, selezionato=true]</message>
</record>
</log>
<?xml version="1.0" encoding="windows-1252" standalone="no"?>
<!DOCTYPE log SYSTEM "logger.dtd">
<log>
<record>
  <date>2016-03-09T17:35:33</date>
  <millis>1457541333360</millis>
  <sequence>1</sequence>
  <logger>global</logger>
  <level>INFO</level>
  <class>it.vin.dev.menzione.frame.MainFrame</class>
  <method>reloadOrdiniModel</method>
  <thread>14</thread>
  <message>Eseguito if salita</message>
</record>
<record>
  <date>2016-03-09T17:35:33</date>
  <millis>1457541333360</millis>
  <sequence>2</sequence>
  <logger>global</logger>
  <level>INFO</level>
  <class>it.vin.dev.menzione.frame.MainFrame</class>
  <method>reloadOrdiniModel</method>
  <thread>14</thread>
  <message>Eseguito if salita</message>
</record>
<record>
  <date>2016-03-09T17:35:33</date>
  <millis>1457541333367</millis>
  <sequence>3</sequence>
  <logger>global</logger>
  <level>INFO</level>
  <class>it.vin.dev.menzione.frame.MainFrame</class>
  <method>reloadOrdiniModel</method>
  <thread>14</thread>
  <message>Eseguito if salita</message>
</record>
</log>
<?xml version="1.0" encoding="windows-1252" standalone="no"?>
<!DOCTYPE log SYSTEM "logger.dtd">
<log>
<record>
  <date>2016-03-09T17:35:48</date>
  <millis>1457541348392</millis>
  <sequence>1</sequence>
  <logger>global</logger>
  <level>INFO</level>
  <class>it.vin.dev.menzione.frame.MainFrame</class>
  <method>reloadOrdiniModel</method>
  <thread>14</thread>
  <message>Eseguito if salita</message>
</record>
<record>
  <date>2016-03-09T17:35:48</date>
  <millis>1457541348392</millis>
  <sequence>2</sequence>
  <logger>global</logger>
  <level>INFO</level>
  <class>it.vin.dev.menzione.frame.MainFrame</class>
  <method>reloadOrdiniModel</method>
  <thread>14</thread>
  <message>Eseguito if salita</message>
</record>
<record>
  <date>2016-03-09T17:35:48</date>
  <millis>1457541348399</millis>
  <sequence>3</sequence>
  <logger>global</logger>
  <level>INFO</level>
  <class>it.vin.dev.menzione.frame.MainFrame</class>
  <method>reloadOrdiniModel</method>
  <thread>14</thread>
  <message>Eseguito if salita</message>
</record>
</log>
<?xml version="1.0" encoding="windows-1252" standalone="no"?>
<!DOCTYPE log SYSTEM "logger.dtd">
<log>
<record>
  <date>2016-03-09T17:36:04</date>
  <millis>1457541364378</millis>
  <sequence>1</sequence>
  <logger>global</logger>
  <level>INFO</level>
  <class>it.vin.dev.menzione.frame.MainFrame</class>
  <method>reloadOrdiniModel</method>
  <thread>14</thread>
  <message>Eseguito if salita</message>
</record>
<record>
  <date>2016-03-09T17:36:04</date>
  <millis>1457541364378</millis>
  <sequence>2</sequence>
  <logger>global</logger>
  <level>INFO</level>
  <class>it.vin.dev.menzione.frame.MainFrame</class>
  <method>reloadOrdiniModel</method>
  <thread>14</thread>
  <message>Eseguito if salita</message>
</record>
<record>
  <date>2016-03-09T17:36:04</date>
  <millis>1457541364385</millis>
  <sequence>3</sequence>
  <logger>global</logger>
  <level>INFO</level>
  <class>it.vin.dev.menzione.frame.MainFrame</class>
  <method>reloadOrdiniModel</method>
  <thread>14</thread>
  <message>Eseguito if salita</message>
</record>
</log>
<?xml version="1.0" encoding="windows-1252" standalone="no"?>
<!DOCTYPE log SYSTEM "logger.dtd">
<log>
<record>
  <date>2016-03-09T17:46:14</date>
  <millis>1457541974919</millis>
  <sequence>1</sequence>
  <logger>global</logger>
  <level>INFO</level>
  <class>it.vin.dev.menzione.frame.MainFrame</class>
  <method>reloadOrdiniModel</method>
  <thread>14</thread>
  <message>Eseguito if salita</message>
</record>
<record>
  <date>2016-03-09T17:46:14</date>
  <millis>1457541974934</millis>
  <sequence>2</sequence>
  <logger>global</logger>
  <level>INFO</level>
  <class>it.vin.dev.menzione.frame.MainFrame</class>
  <method>reloadOrdiniModel</method>
  <thread>14</thread>
  <message>Eseguito if salita</message>
</record>
<record>
  <date>2016-03-09T17:46:14</date>
  <millis>1457541974936</millis>
  <sequence>3</sequence>
  <logger>global</logger>
  <level>INFO</level>
  <class>it.vin.dev.menzione.frame.MainFrame</class>
  <method>reloadOrdiniModel</method>
  <thread>14</thread>
  <message>Eseguito if salita</message>
</record>
<record>
  <date>2016-03-09T17:46:45</date>
  <millis>1457542005389</millis>
  <sequence>4</sequence>
  <logger>global</logger>
  <level>INFO</level>
  <class>it.vin.dev.menzione.frame.ViaggiTableModel</class>
  <method>setValueAt</method>
  <thread>14</thread>
  <message>true</message>
</record>
<record>
  <date>2016-03-09T17:46:45</date>
  <millis>1457542005389</millis>
  <sequence>5</sequence>
  <logger>global</logger>
  <level>INFO</level>
  <class>it.vin.dev.menzione.frame.MainFrame</class>
  <method>tableChanged</method>
  <thread>14</thread>
  <message>RIGA MODIFICATA: 1   COLONNA MODIFICATA: 5</message>
</record>
<record>
  <date>2016-03-09T17:46:45</date>
  <millis>1457542005389</millis>
  <sequence>6</sequence>
  <logger>global</logger>
  <level>INFO</level>
  <class>it.vin.dev.menzione.frame.MainFrame</class>
  <method>tableChanged</method>
  <thread>14</thread>
  <message>Viaggio [id=341, camion=F123456, autista=sud, posizione=Sud, note=, data=2015-12-29, litriB=0, selezionato=true]</message>
</record>
</log>
<?xml version="1.0" encoding="windows-1252" standalone="no"?>
<!DOCTYPE log SYSTEM "logger.dtd">
<log>
<record>
  <date>2016-03-09T17:48:56</date>
  <millis>1457542136430</millis>
  <sequence>1</sequence>
  <logger>global</logger>
  <level>INFO</level>
  <class>it.vin.dev.menzione.frame.MainFrame</class>
  <method>tableChanged</method>
  <thread>14</thread>
  <message>RIGA MODIFICATA: 0   COLONNA MODIFICATA: 5</message>
</record>
<record>
  <date>2016-03-09T17:48:58</date>
  <millis>1457542138739</millis>
  <sequence>2</sequence>
  <logger>global</logger>
  <level>INFO</level>
  <class>it.vin.dev.menzione.frame.MainFrame</class>
  <method>tableChanged</method>
  <thread>14</thread>
  <message>RIGA MODIFICATA: 0   COLONNA MODIFICATA: 5</message>
</record>
<record>
  <date>2016-03-09T17:49:00</date>
  <millis>1457542140798</millis>
  <sequence>3</sequence>
  <logger>global</logger>
  <level>INFO</level>
  <class>it.vin.dev.menzione.frame.MainFrame</class>
  <method>tableChanged</method>
  <thread>14</thread>
  <message>RIGA MODIFICATA: 6   COLONNA MODIFICATA: 5</message>
</record>
<record>
  <date>2016-03-09T17:49:01</date>
  <millis>1457542141850</millis>
  <sequence>4</sequence>
  <logger>global</logger>
  <level>INFO</level>
  <class>it.vin.dev.menzione.frame.MainFrame</class>
  <method>tableChanged</method>
  <thread>14</thread>
  <message>RIGA MODIFICATA: 6   COLONNA MODIFICATA: 5</message>
</record>
<record>
  <date>2016-03-09T17:49:02</date>
  <millis>1457542142940</millis>
  <sequence>5</sequence>
  <logger>global</logger>
  <level>INFO</level>
  <class>it.vin.dev.menzione.frame.MainFrame</class>
  <method>tableChanged</method>
  <thread>14</thread>
  <message>Viaggio [id=-1, camion=, autista=, posizione=Sud, note=, data=2015-12-29, litriB=0, selezionato=false]</message>
</record>
<record>
  <date>2016-03-09T17:49:03</date>
  <millis>1457542143281</millis>
  <sequence>6</sequence>
  <logger>global</logger>
  <level>INFO</level>
  <class>it.vin.dev.menzione.frame.MainFrame</class>
  <method>tableChanged</method>
  <thread>14</thread>
  <message>LAST ID INSERTED: 375</message>
</record>
<record>
  <date>2016-03-09T17:49:03</date>
  <millis>1457542143281</millis>
  <sequence>7</sequence>
  <logger>global</logger>
  <level>INFO</level>
  <class>it.vin.dev.menzione.frame.MainFrame</class>
  <method>tableChanged</method>
  <thread>14</thread>
  <message>Viaggio [id=375, camion=, autista=, posizione=Sud, note=, data=2015-12-29, litriB=0, selezionato=false]</message>
</record>
<record>
  <date>2016-03-09T17:49:03</date>
  <millis>1457542143297</millis>
  <sequence>8</sequence>
  <logger>global</logger>
  <level>INFO</level>
  <class>it.vin.dev.menzione.frame.MainFrame</class>
  <method>tableChanged</method>
  <thread>14</thread>
  <message>ADD ROW!</message>
</record>
<record>
  <date>2016-03-09T17:49:06</date>
  <millis>1457542146234</millis>
  <sequence>9</sequence>
  <logger>global</logger>
  <level>INFO</level>
  <class>it.vin.dev.menzione.frame.MainFrame</class>
  <method>tableChanged</method>
  <thread>14</thread>
  <message>RIGA MODIFICATA: 17   COLONNA MODIFICATA: 0</message>
</record>
<record>
  <date>2016-03-09T17:49:06</date>
  <millis>1457542146296</millis>
  <sequence>10</sequence>
  <logger>global</logger>
  <level>INFO</level>
  <class>it.vin.dev.menzione.frame.MainFrame</class>
  <method>tableChanged</method>
  <thread>14</thread>
  <message>RIGA MODIFICATA: 17   COLONNA MODIFICATA: 2</message>
</record>
</log>
<?xml version="1.0" encoding="windows-1252" standalone="no"?>
<!DOCTYPE log SYSTEM "logger.dtd">
<log>
</log>
<?xml version="1.0" encoding="windows-1252" standalone="no"?>
<!DOCTYPE log SYSTEM "logger.dtd">
<log>
</log>
<?xml version="1.0" encoding="windows-1252" standalone="no"?>
<!DOCTYPE log SYSTEM "logger.dtd">
<log>
</log>
<?xml version="1.0" encoding="windows-1252" standalone="no"?>
<!DOCTYPE log SYSTEM "logger.dtd">
<log>
</log>
<?xml version="1.0" encoding="windows-1252" standalone="no"?>
<!DOCTYPE log SYSTEM "logger.dtd">
<log>
</log>
<?xml version="1.0" encoding="windows-1252" standalone="no"?>
<!DOCTYPE log SYSTEM "logger.dtd">
<log>
</log>
<?xml version="1.0" encoding="windows-1252" standalone="no"?>
<!DOCTYPE log SYSTEM "logger.dtd">
<log>
</log>
<?xml version="1.0" encoding="windows-1252" standalone="no"?>
<!DOCTYPE log SYSTEM "logger.dtd">
<log>
</log>
<?xml version="1.0" encoding="windows-1252" standalone="no"?>
<!DOCTYPE log SYSTEM "logger.dtd">
<log>
</log>
<?xml version="1.0" encoding="windows-1252" standalone="no"?>
<!DOCTYPE log SYSTEM "logger.dtd">
<log>
</log>
<?xml version="1.0" encoding="windows-1252" standalone="no"?>
<!DOCTYPE log SYSTEM "logger.dtd">
<log>
</log>
<?xml version="1.0" encoding="windows-1252" standalone="no"?>
<!DOCTYPE log SYSTEM "logger.dtd">
<log>
</log>
<?xml version="1.0" encoding="windows-1252" standalone="no"?>
<!DOCTYPE log SYSTEM "logger.dtd">
<log>
</log>
<?xml version="1.0" encoding="windows-1252" standalone="no"?>
<!DOCTYPE log SYSTEM "logger.dtd">
<log>
</log>
<?xml version="1.0" encoding="windows-1252" standalone="no"?>
<!DOCTYPE log SYSTEM "logger.dtd">
<log>
</log>
<?xml version="1.0" encoding="windows-1252" standalone="no"?>
<!DOCTYPE log SYSTEM "logger.dtd">
<log>
</log>
<?xml version="1.0" encoding="windows-1252" standalone="no"?>
<!DOCTYPE log SYSTEM "logger.dtd">
<log>
</log>
<?xml version="1.0" encoding="windows-1252" standalone="no"?>
<!DOCTYPE log SYSTEM "logger.dtd">
<log>
</log>
<?xml version="1.0" encoding="windows-1252" standalone="no"?>
<!DOCTYPE log SYSTEM "logger.dtd">
<log>
<record>
  <date>2016-03-09T18:13:49</date>
  <millis>1457543629277</millis>
  <sequence>1</sequence>
  <logger>global</logger>
  <level>INFO</level>
  <class>it.vin.dev.menzione.frame.MainFrame</class>
  <method>tableChanged</method>
  <thread>14</thread>
  <message>RIGA MODIFICATA: 2   COLONNA MODIFICATA: 4</message>
</record>
</log>
<?xml version="1.0" encoding="windows-1252" standalone="no"?>
<!DOCTYPE log SYSTEM "logger.dtd">
<log>
<record>
  <date>2016-03-09T18:14:05</date>
  <millis>1457543645623</millis>
  <sequence>1</sequence>
  <logger>global</logger>
  <level>INFO</level>
  <class>it.vin.dev.menzione.frame.MainFrame</class>
  <method>tableChanged</method>
  <thread>14</thread>
  <message>RIGA MODIFICATA: 3   COLONNA MODIFICATA: 4</message>
</record>
</log>
