<?xml version="1.0" encoding="windows-1252" standalone="no"?>
<!DOCTYPE log SYSTEM "logger.dtd">
<log>
</log>
<?xml version="1.0" encoding="windows-1252" standalone="no"?>
<!DOCTYPE log SYSTEM "logger.dtd">
<log>
<record>
  <date>2016-03-09T17:37:57</date>
  <millis>1457541477715</millis>
  <sequence>7</sequence>
  <logger>global</logger>
  <level>INFO</level>
  <class>it.vin.dev.menzione.frame.ViaggiTableModel</class>
  <method>setValueAt</method>
  <thread>14</thread>
  <message>false</message>
</record>
<record>
  <date>2016-03-09T17:37:57</date>
  <millis>1457541477715</millis>
  <sequence>8</sequence>
  <logger>global</logger>
  <level>INFO</level>
  <class>it.vin.dev.menzione.frame.MainFrame</class>
  <method>tableChanged</method>
  <thread>14</thread>
  <message>RIGA MODIFICATA: 2   COLONNA MODIFICATA: 4</message>
</record>
<record>
  <date>2016-03-09T17:37:57</date>
  <millis>1457541477715</millis>
  <sequence>9</sequence>
  <logger>global</logger>
  <level>INFO</level>
  <class>it.vin.dev.menzione.frame.MainFrame</class>
  <method>tableChanged</method>
  <thread>14</thread>
  <message>Viaggio [id=372, camion=RA12345, autista=cfe, posizione=Nord, note=, data=2015-12-29, litriB=0, selezionato=false]</message>
</record>
<record>
  <date>2016-03-09T17:37:58</date>
  <millis>1457541478043</millis>
  <sequence>10</sequence>
  <logger>global</logger>
  <level>INFO</level>
  <class>it.vin.dev.menzione.frame.ViaggiTableModel</class>
  <method>setValueAt</method>
  <thread>14</thread>
  <message>false</message>
</record>
<record>
  <date>2016-03-09T17:37:58</date>
  <millis>1457541478043</millis>
  <sequence>11</sequence>
  <logger>global</logger>
  <level>INFO</level>
  <class>it.vin.dev.menzione.frame.MainFrame</class>
  <method>tableChanged</method>
  <thread>14</thread>
  <message>RIGA MODIFICATA: 3   COLONNA MODIFICATA: 4</message>
</record>
<record>
  <date>2016-03-09T17:37:58</date>
  <millis>1457541478043</millis>
  <sequence>12</sequence>
  <logger>global</logger>
  <level>INFO</level>
  <class>it.vin.dev.menzione.frame.MainFrame</class>
  <method>tableChanged</method>
  <thread>14</thread>
  <message>Viaggio [id=373, camion=RF12345, autista=nhjk, posizione=Nord, note=, data=2015-12-29, litriB=0, selezionato=false]</message>
</record>
<record>
  <date>2016-03-09T17:38:27</date>
  <millis>1457541507717</millis>
  <sequence>13</sequence>
  <logger>global</logger>
  <level>INFO</level>
  <class>it.vin.dev.menzione.frame.NoteTableModel</class>
  <method>setValueAt</method>
  <thread>14</thread>
  <message>NoteTable cell update. Riga=1 Colonna=0 Valore=Questa è una seconda nota</message>
</record>
</log>
<?xml version="1.0" encoding="windows-1252" standalone="no"?>
<!DOCTYPE log SYSTEM "logger.dtd">
<log>
</log>
<?xml version="1.0" encoding="windows-1252" standalone="no"?>
<!DOCTYPE log SYSTEM "logger.dtd">
<log>
<record>
  <date>2016-03-09T17:48:58</date>
  <millis>1457542138739</millis>
  <sequence>2</sequence>
  <logger>global</logger>
  <level>INFO</level>
  <class>it.vin.dev.menzione.frame.MainFrame</class>
  <method>tableChanged</method>
  <thread>14</thread>
  <message>RIGA MODIFICATA: 0   COLONNA MODIFICATA: 5</message>
</record>
<record>
  <date>2016-03-09T17:49:00</date>
  <millis>1457542140798</millis>
  <sequence>3</sequence>
  <logger>global</logger>
  <level>INFO</level>
  <class>it.vin.dev.menzione.frame.MainFrame</class>
  <method>tableChanged</method>
  <thread>14</thread>
  <message>RIGA MODIFICATA: 6   COLONNA MODIFICATA: 5</message>
</record>
<record>
  <date>2016-03-09T17:49:01</date>
  <millis>1457542141850</millis>
  <sequence>4</sequence>
  <logger>global</logger>
  <level>INFO</level>
  <class>it.vin.dev.menzione.frame.MainFrame</class>
  <method>tableChanged</method>
  <thread>14</thread>
  <message>RIGA MODIFICATA: 6   COLONNA MODIFICATA: 5</message>
</record>
<record>
  <date>2016-03-09T17:49:02</date>
  <millis>1457542142940</millis>
  <sequence>5</sequence>
  <logger>global</logger>
  <level>INFO</level>
  <class>it.vin.dev.menzione.frame.MainFrame</class>
  <method>tableChanged</method>
  <thread>14</thread>
  <message>Viaggio [id=-1, camion=, autista=, posizione=Sud, note=, data=2015-12-29, litriB=0, selezionato=false]</message>
</record>
<record>
  <date>2016-03-09T17:49:03</date>
  <millis>1457542143281</millis>
  <sequence>6</sequence>
  <logger>global</logger>
  <level>INFO</level>
  <class>it.vin.dev.menzione.frame.MainFrame</class>
  <method>tableChanged</method>
  <thread>14</thread>
  <message>LAST ID INSERTED: 375</message>
</record>
<record>
  <date>2016-03-09T17:49:03</date>
  <millis>1457542143281</millis>
  <sequence>7</sequence>
  <logger>global</logger>
  <level>INFO</level>
  <class>it.vin.dev.menzione.frame.MainFrame</class>
  <method>tableChanged</method>
  <thread>14</thread>
  <message>Viaggio [id=375, camion=, autista=, posizione=Sud, note=, data=2015-12-29, litriB=0, selezionato=false]</message>
</record>
<record>
  <date>2016-03-09T17:49:03</date>
  <millis>1457542143297</millis>
  <sequence>8</sequence>
  <logger>global</logger>
  <level>INFO</level>
  <class>it.vin.dev.menzione.frame.MainFrame</class>
  <method>tableChanged</method>
  <thread>14</thread>
  <message>ADD ROW!</message>
</record>
<record>
  <date>2016-03-09T17:49:06</date>
  <millis>1457542146234</millis>
  <sequence>9</sequence>
  <logger>global</logger>
  <level>INFO</level>
  <class>it.vin.dev.menzione.frame.MainFrame</class>
  <method>tableChanged</method>
  <thread>14</thread>
  <message>RIGA MODIFICATA: 17   COLONNA MODIFICATA: 0</message>
</record>
<record>
  <date>2016-03-09T17:49:06</date>
  <millis>1457542146296</millis>
  <sequence>10</sequence>
  <logger>global</logger>
  <level>INFO</level>
  <class>it.vin.dev.menzione.frame.MainFrame</class>
  <method>tableChanged</method>
  <thread>14</thread>
  <message>RIGA MODIFICATA: 17   COLONNA MODIFICATA: 2</message>
</record>
</log>
<?xml version="1.0" encoding="windows-1252" standalone="no"?>
<!DOCTYPE log SYSTEM "logger.dtd">
<log>
</log>
<?xml version="1.0" encoding="windows-1252" standalone="no"?>
<!DOCTYPE log SYSTEM "logger.dtd">
<log>
</log>
