<?xml version="1.0" encoding="windows-1252" standalone="no"?>
<!DOCTYPE log SYSTEM "logger.dtd">
<log>
</log>
<?xml version="1.0" encoding="windows-1252" standalone="no"?>
<!DOCTYPE log SYSTEM "logger.dtd">
<log>
</log>
<?xml version="1.0" encoding="windows-1252" standalone="no"?>
<!DOCTYPE log SYSTEM "logger.dtd">
<log>
</log>
<?xml version="1.0" encoding="windows-1252" standalone="no"?>
<!DOCTYPE log SYSTEM "logger.dtd">
<log>
<record>
  <date>2016-01-13T00:28:07</date>
  <millis>1452641287441</millis>
  <sequence>17</sequence>
  <logger>global</logger>
  <level>SEVERE</level>
  <class>it.vin.dev.menzione.frame.OrdiniTableListener</class>
  <method>tableChanged</method>
  <thread>14</thread>
  <message>No operations allowed after connection closed.</message>
  <exception>
    <message>com.mysql.jdbc.exceptions.jdbc4.MySQLNonTransientConnectionException: No operations allowed after connection closed.</message>
    <frame>
      <class>sun.reflect.NativeConstructorAccessorImpl</class>
      <method>newInstance0</method>
    </frame>
    <frame>
      <class>sun.reflect.NativeConstructorAccessorImpl</class>
      <method>newInstance</method>
    </frame>
    <frame>
      <class>sun.reflect.DelegatingConstructorAccessorImpl</class>
      <method>newInstance</method>
    </frame>
    <frame>
      <class>java.lang.reflect.Constructor</class>
      <method>newInstance</method>
    </frame>
    <frame>
      <class>com.mysql.jdbc.Util</class>
      <method>handleNewInstance</method>
      <line>404</line>
    </frame>
    <frame>
      <class>com.mysql.jdbc.Util</class>
      <method>getInstance</method>
      <line>387</line>
    </frame>
    <frame>
      <class>com.mysql.jdbc.SQLError</class>
      <method>createSQLException</method>
      <line>919</line>
    </frame>
    <frame>
      <class>com.mysql.jdbc.SQLError</class>
      <method>createSQLException</method>
      <line>898</line>
    </frame>
    <frame>
      <class>com.mysql.jdbc.SQLError</class>
      <method>createSQLException</method>
      <line>887</line>
    </frame>
    <frame>
      <class>com.mysql.jdbc.SQLError</class>
      <method>createSQLException</method>
      <line>862</line>
    </frame>
    <frame>
      <class>com.mysql.jdbc.ConnectionImpl</class>
      <method>throwConnectionClosedException</method>
      <line>1237</line>
    </frame>
    <frame>
      <class>com.mysql.jdbc.ConnectionImpl</class>
      <method>checkClosed</method>
      <line>1232</line>
    </frame>
    <frame>
      <class>com.mysql.jdbc.ConnectionImpl</class>
      <method>prepareStatement</method>
      <line>4131</line>
    </frame>
    <frame>
      <class>com.mysql.jdbc.ConnectionImpl</class>
      <method>prepareStatement</method>
      <line>4100</line>
    </frame>
    <frame>
      <class>it.vin.dev.menzione.logica.DbUtil</class>
      <method>modificaOrdine</method>
      <line>396</line>
    </frame>
    <frame>
      <class>it.vin.dev.menzione.frame.OrdiniTableListener</class>
      <method>tableChanged</method>
      <line>50</line>
    </frame>
    <frame>
      <class>javax.swing.table.AbstractTableModel</class>
      <method>fireTableChanged</method>
    </frame>
    <frame>
      <class>javax.swing.table.AbstractTableModel</class>
      <method>fireTableCellUpdated</method>
    </frame>
    <frame>
      <class>it.vin.dev.menzione.frame.OrdiniTableModel</class>
      <method>setValueAt</method>
      <line>88</line>
    </frame>
    <frame>
      <class>javax.swing.JTable</class>
      <method>setValueAt</method>
    </frame>
    <frame>
      <class>javax.swing.JTable</class>
      <method>editingStopped</method>
    </frame>
    <frame>
      <class>it.vin.dev.menzione.frame.OrdiniTable</class>
      <method>editingStopped</method>
      <line>59</line>
    </frame>
    <frame>
      <class>javax.swing.AbstractCellEditor</class>
      <method>fireEditingStopped</method>
    </frame>
    <frame>
      <class>javax.swing.DefaultCellEditor$EditorDelegate</class>
      <method>stopCellEditing</method>
    </frame>
    <frame>
      <class>javax.swing.DefaultCellEditor</class>
      <method>stopCellEditing</method>
    </frame>
    <frame>
      <class>javax.swing.DefaultCellEditor$EditorDelegate</class>
      <method>actionPerformed</method>
    </frame>
    <frame>
      <class>javax.swing.AbstractButton</class>
      <method>fireActionPerformed</method>
    </frame>
    <frame>
      <class>javax.swing.AbstractButton$Handler</class>
      <method>actionPerformed</method>
    </frame>
    <frame>
      <class>javax.swing.DefaultButtonModel</class>
      <method>fireActionPerformed</method>
    </frame>
    <frame>
      <class>javax.swing.JToggleButton$ToggleButtonModel</class>
      <method>setPressed</method>
    </frame>
    <frame>
      <class>javax.swing.plaf.basic.BasicButtonListener</class>
      <method>mouseReleased</method>
    </frame>
    <frame>
      <class>java.awt.Component</class>
      <method>processMouseEvent</method>
    </frame>
    <frame>
      <class>javax.swing.JComponent</class>
      <method>processMouseEvent</method>
    </frame>
    <frame>
      <class>java.awt.Component</class>
      <method>processEvent</method>
    </frame>
    <frame>
      <class>java.awt.Container</class>
      <method>processEvent</method>
    </frame>
    <frame>
      <class>java.awt.Component</class>
      <method>dispatchEventImpl</method>
    </frame>
    <frame>
      <class>java.awt.Container</class>
      <method>dispatchEventImpl</method>
    </frame>
    <frame>
      <class>java.awt.Component</class>
      <method>dispatchEvent</method>
    </frame>
    <frame>
      <class>javax.swing.plaf.basic.BasicTableUI$Handler</class>
      <method>repostEvent</method>
    </frame>
    <frame>
      <class>javax.swing.plaf.basic.BasicTableUI$Handler</class>
      <method>mouseReleased</method>
    </frame>
    <frame>
      <class>java.awt.AWTEventMulticaster</class>
      <method>mouseReleased</method>
    </frame>
    <frame>
      <class>java.awt.Component</class>
      <method>processMouseEvent</method>
    </frame>
    <frame>
      <class>javax.swing.JComponent</class>
      <method>processMouseEvent</method>
    </frame>
    <frame>
      <class>java.awt.Component</class>
      <method>processEvent</method>
    </frame>
    <frame>
      <class>java.awt.Container</class>
      <method>processEvent</method>
    </frame>
    <frame>
      <class>java.awt.Component</class>
      <method>dispatchEventImpl</method>
    </frame>
    <frame>
      <class>java.awt.Container</class>
      <method>dispatchEventImpl</method>
    </frame>
    <frame>
      <class>java.awt.Component</class>
      <method>dispatchEvent</method>
    </frame>
    <frame>
      <class>java.awt.LightweightDispatcher</class>
      <method>retargetMouseEvent</method>
    </frame>
    <frame>
      <class>java.awt.LightweightDispatcher</class>
      <method>processMouseEvent</method>
    </frame>
    <frame>
      <class>java.awt.LightweightDispatcher</class>
      <method>dispatchEvent</method>
    </frame>
    <frame>
      <class>java.awt.Container</class>
      <method>dispatchEventImpl</method>
    </frame>
    <frame>
      <class>java.awt.Window</class>
      <method>dispatchEventImpl</method>
    </frame>
    <frame>
      <class>java.awt.Component</class>
      <method>dispatchEvent</method>
    </frame>
    <frame>
      <class>java.awt.EventQueue</class>
      <method>dispatchEventImpl</method>
    </frame>
    <frame>
      <class>java.awt.EventQueue</class>
      <method>access$500</method>
    </frame>
    <frame>
      <class>java.awt.EventQueue$3</class>
      <method>run</method>
    </frame>
    <frame>
      <class>java.awt.EventQueue$3</class>
      <method>run</method>
    </frame>
    <frame>
      <class>java.security.AccessController</class>
      <method>doPrivileged</method>
    </frame>
    <frame>
      <class>java.security.ProtectionDomain$JavaSecurityAccessImpl</class>
      <method>doIntersectionPrivilege</method>
    </frame>
    <frame>
      <class>java.security.ProtectionDomain$JavaSecurityAccessImpl</class>
      <method>doIntersectionPrivilege</method>
    </frame>
    <frame>
      <class>java.awt.EventQueue$4</class>
      <method>run</method>
    </frame>
    <frame>
      <class>java.awt.EventQueue$4</class>
      <method>run</method>
    </frame>
    <frame>
      <class>java.security.AccessController</class>
      <method>doPrivileged</method>
    </frame>
    <frame>
      <class>java.security.ProtectionDomain$JavaSecurityAccessImpl</class>
      <method>doIntersectionPrivilege</method>
    </frame>
    <frame>
      <class>java.awt.EventQueue</class>
      <method>dispatchEvent</method>
    </frame>
    <frame>
      <class>java.awt.EventDispatchThread</class>
      <method>pumpOneEventForFilters</method>
    </frame>
    <frame>
      <class>java.awt.EventDispatchThread</class>
      <method>pumpEventsForFilter</method>
    </frame>
    <frame>
      <class>java.awt.EventDispatchThread</class>
      <method>pumpEventsForHierarchy</method>
    </frame>
    <frame>
      <class>java.awt.EventDispatchThread</class>
      <method>pumpEvents</method>
    </frame>
    <frame>
      <class>java.awt.EventDispatchThread</class>
      <method>pumpEvents</method>
    </frame>
    <frame>
      <class>java.awt.EventDispatchThread</class>
      <method>run</method>
    </frame>
  </exception>
</record>
<record>
  <date>2016-01-13T00:28:26</date>
  <millis>1452641306654</millis>
  <sequence>19</sequence>
  <logger>global</logger>
  <level>SEVERE</level>
  <class>it.vin.dev.menzione.frame.OrdiniTableListener</class>
  <method>tableChanged</method>
  <thread>14</thread>
  <message>No operations allowed after connection closed.</message>
  <exception>
    <message>com.mysql.jdbc.exceptions.jdbc4.MySQLNonTransientConnectionException: No operations allowed after connection closed.</message>
    <frame>
      <class>sun.reflect.NativeConstructorAccessorImpl</class>
      <method>newInstance0</method>
    </frame>
    <frame>
      <class>sun.reflect.NativeConstructorAccessorImpl</class>
      <method>newInstance</method>
    </frame>
    <frame>
      <class>sun.reflect.DelegatingConstructorAccessorImpl</class>
      <method>newInstance</method>
    </frame>
    <frame>
      <class>java.lang.reflect.Constructor</class>
      <method>newInstance</method>
    </frame>
    <frame>
      <class>com.mysql.jdbc.Util</class>
      <method>handleNewInstance</method>
      <line>404</line>
    </frame>
    <frame>
      <class>com.mysql.jdbc.Util</class>
      <method>getInstance</method>
      <line>387</line>
    </frame>
    <frame>
      <class>com.mysql.jdbc.SQLError</class>
      <method>createSQLException</method>
      <line>919</line>
    </frame>
    <frame>
      <class>com.mysql.jdbc.SQLError</class>
      <method>createSQLException</method>
      <line>898</line>
    </frame>
    <frame>
      <class>com.mysql.jdbc.SQLError</class>
      <method>createSQLException</method>
      <line>887</line>
    </frame>
    <frame>
      <class>com.mysql.jdbc.SQLError</class>
      <method>createSQLException</method>
      <line>862</line>
    </frame>
    <frame>
      <class>com.mysql.jdbc.ConnectionImpl</class>
      <method>throwConnectionClosedException</method>
      <line>1237</line>
    </frame>
    <frame>
      <class>com.mysql.jdbc.ConnectionImpl</class>
      <method>checkClosed</method>
      <line>1232</line>
    </frame>
    <frame>
      <class>com.mysql.jdbc.ConnectionImpl</class>
      <method>prepareStatement</method>
      <line>4131</line>
    </frame>
    <frame>
      <class>com.mysql.jdbc.ConnectionImpl</class>
      <method>prepareStatement</method>
      <line>4100</line>
    </frame>
    <frame>
      <class>it.vin.dev.menzione.logica.DbUtil</class>
      <method>modificaOrdine</method>
      <line>396</line>
    </frame>
    <frame>
      <class>it.vin.dev.menzione.frame.OrdiniTableListener</class>
      <method>tableChanged</method>
      <line>50</line>
    </frame>
    <frame>
      <class>javax.swing.table.AbstractTableModel</class>
      <method>fireTableChanged</method>
    </frame>
    <frame>
      <class>javax.swing.table.AbstractTableModel</class>
      <method>fireTableCellUpdated</method>
    </frame>
    <frame>
      <class>it.vin.dev.menzione.frame.OrdiniTableModel</class>
      <method>setValueAt</method>
      <line>88</line>
    </frame>
    <frame>
      <class>javax.swing.JTable</class>
      <method>setValueAt</method>
    </frame>
    <frame>
      <class>javax.swing.JTable</class>
      <method>editingStopped</method>
    </frame>
    <frame>
      <class>it.vin.dev.menzione.frame.OrdiniTable</class>
      <method>editingStopped</method>
      <line>59</line>
    </frame>
    <frame>
      <class>javax.swing.AbstractCellEditor</class>
      <method>fireEditingStopped</method>
    </frame>
    <frame>
      <class>javax.swing.DefaultCellEditor$EditorDelegate</class>
      <method>stopCellEditing</method>
    </frame>
    <frame>
      <class>javax.swing.DefaultCellEditor</class>
      <method>stopCellEditing</method>
    </frame>
    <frame>
      <class>javax.swing.DefaultCellEditor$EditorDelegate</class>
      <method>actionPerformed</method>
    </frame>
    <frame>
      <class>javax.swing.AbstractButton</class>
      <method>fireActionPerformed</method>
    </frame>
    <frame>
      <class>javax.swing.AbstractButton$Handler</class>
      <method>actionPerformed</method>
    </frame>
    <frame>
      <class>javax.swing.DefaultButtonModel</class>
      <method>fireActionPerformed</method>
    </frame>
    <frame>
      <class>javax.swing.JToggleButton$ToggleButtonModel</class>
      <method>setPressed</method>
    </frame>
    <frame>
      <class>javax.swing.plaf.basic.BasicButtonListener</class>
      <method>mouseReleased</method>
    </frame>
    <frame>
      <class>java.awt.Component</class>
      <method>processMouseEvent</method>
    </frame>
    <frame>
      <class>javax.swing.JComponent</class>
      <method>processMouseEvent</method>
    </frame>
    <frame>
      <class>java.awt.Component</class>
      <method>processEvent</method>
    </frame>
    <frame>
      <class>java.awt.Container</class>
      <method>processEvent</method>
    </frame>
    <frame>
      <class>java.awt.Component</class>
      <method>dispatchEventImpl</method>
    </frame>
    <frame>
      <class>java.awt.Container</class>
      <method>dispatchEventImpl</method>
    </frame>
    <frame>
      <class>java.awt.Component</class>
      <method>dispatchEvent</method>
    </frame>
    <frame>
      <class>javax.swing.plaf.basic.BasicTableUI$Handler</class>
      <method>repostEvent</method>
    </frame>
    <frame>
      <class>javax.swing.plaf.basic.BasicTableUI$Handler</class>
      <method>mouseReleased</method>
    </frame>
    <frame>
      <class>java.awt.AWTEventMulticaster</class>
      <method>mouseReleased</method>
    </frame>
    <frame>
      <class>java.awt.Component</class>
      <method>processMouseEvent</method>
    </frame>
    <frame>
      <class>javax.swing.JComponent</class>
      <method>processMouseEvent</method>
    </frame>
    <frame>
      <class>java.awt.Component</class>
      <method>processEvent</method>
    </frame>
    <frame>
      <class>java.awt.Container</class>
      <method>processEvent</method>
    </frame>
    <frame>
      <class>java.awt.Component</class>
      <method>dispatchEventImpl</method>
    </frame>
    <frame>
      <class>java.awt.Container</class>
      <method>dispatchEventImpl</method>
    </frame>
    <frame>
      <class>java.awt.Component</class>
      <method>dispatchEvent</method>
    </frame>
    <frame>
      <class>java.awt.LightweightDispatcher</class>
      <method>retargetMouseEvent</method>
    </frame>
    <frame>
      <class>java.awt.LightweightDispatcher</class>
      <method>processMouseEvent</method>
    </frame>
    <frame>
      <class>java.awt.LightweightDispatcher</class>
      <method>dispatchEvent</method>
    </frame>
    <frame>
      <class>java.awt.Container</class>
      <method>dispatchEventImpl</method>
    </frame>
    <frame>
      <class>java.awt.Window</class>
      <method>dispatchEventImpl</method>
    </frame>
    <frame>
      <class>java.awt.Component</class>
      <method>dispatchEvent</method>
    </frame>
    <frame>
      <class>java.awt.EventQueue</class>
      <method>dispatchEventImpl</method>
    </frame>
    <frame>
      <class>java.awt.EventQueue</class>
      <method>access$500</method>
    </frame>
    <frame>
      <class>java.awt.EventQueue$3</class>
      <method>run</method>
    </frame>
    <frame>
      <class>java.awt.EventQueue$3</class>
      <method>run</method>
    </frame>
    <frame>
      <class>java.security.AccessController</class>
      <method>doPrivileged</method>
    </frame>
    <frame>
      <class>java.security.ProtectionDomain$JavaSecurityAccessImpl</class>
      <method>doIntersectionPrivilege</method>
    </frame>
    <frame>
      <class>java.security.ProtectionDomain$JavaSecurityAccessImpl</class>
      <method>doIntersectionPrivilege</method>
    </frame>
    <frame>
      <class>java.awt.EventQueue$4</class>
      <method>run</method>
    </frame>
    <frame>
      <class>java.awt.EventQueue$4</class>
      <method>run</method>
    </frame>
    <frame>
      <class>java.security.AccessController</class>
      <method>doPrivileged</method>
    </frame>
    <frame>
      <class>java.security.ProtectionDomain$JavaSecurityAccessImpl</class>
      <method>doIntersectionPrivilege</method>
    </frame>
    <frame>
      <class>java.awt.EventQueue</class>
      <method>dispatchEvent</method>
    </frame>
    <frame>
      <class>java.awt.EventDispatchThread</class>
      <method>pumpOneEventForFilters</method>
    </frame>
    <frame>
      <class>java.awt.EventDispatchThread</class>
      <method>pumpEventsForFilter</method>
    </frame>
    <frame>
      <class>java.awt.EventDispatchThread</class>
      <method>pumpEventsForHierarchy</method>
    </frame>
    <frame>
      <class>java.awt.EventDispatchThread</class>
      <method>pumpEvents</method>
    </frame>
    <frame>
      <class>java.awt.EventDispatchThread</class>
      <method>pumpEvents</method>
    </frame>
    <frame>
      <class>java.awt.EventDispatchThread</class>
      <method>run</method>
    </frame>
  </exception>
</record>
</log>
